<?xml version="1.0" encoding="UTF-8"?>
<testng-results ignored="0" total="2" passed="2" failed="0" skipped="0">
  <reporter-output>
  </reporter-output>
  <suite started-at="2023-04-13T12:56:17 IST" name="Default Suite" finished-at="2023-04-13T12:57:08 IST" duration-ms="50314">
    <groups>
      <group name="UI">
        <method signature="LoginUITest.validateTitleTest()[pri:1, instance:com.microfocus.test.LoginUITest@10e92f8f]" name="validateTitleTest" class="com.microfocus.test.LoginUITest"/>
        <method signature="LoginUITest.validatePlaceholderTest()[pri:2, instance:com.microfocus.test.LoginUITest@10e92f8f]" name="validatePlaceholderTest" class="com.microfocus.test.LoginUITest"/>
      </group> <!-- UI -->
      <group name="low">
        <method signature="LoginUITest.validateTitleTest()[pri:1, instance:com.microfocus.test.LoginUITest@10e92f8f]" name="validateTitleTest" class="com.microfocus.test.LoginUITest"/>
        <method signature="LoginUITest.validatePlaceholderTest()[pri:2, instance:com.microfocus.test.LoginUITest@10e92f8f]" name="validatePlaceholderTest" class="com.microfocus.test.LoginUITest"/>
      </group> <!-- low -->
      <group name="smoke">
        <method signature="LoginUITest.validateTitleTest()[pri:1, instance:com.microfocus.test.LoginUITest@10e92f8f]" name="validateTitleTest" class="com.microfocus.test.LoginUITest"/>
      </group> <!-- smoke -->
    </groups>
    <test started-at="2023-04-13T12:56:17 IST" name="HybridFramework" finished-at="2023-04-13T12:57:08 IST" duration-ms="50314">
      <class name="com.microfocus.test.LoginUITest">
        <test-method is-config="true" signature="start()[pri:0, instance:com.microfocus.test.LoginUITest@10e92f8f]" started-at="2023-04-13T12:56:03 IST" name="start" finished-at="2023-04-13T12:56:17 IST" duration-ms="14193" status="PASS">
          <reporter-output>
          </reporter-output>
        </test-method> <!-- start -->
        <test-method is-config="true" signature="setup(java.lang.String,java.lang.reflect.Method)[pri:0, instance:com.microfocus.test.LoginUITest@10e92f8f]" started-at="2023-04-13T12:56:17 IST" name="setup" finished-at="2023-04-13T12:56:42 IST" duration-ms="24729" status="PASS">
          <params>
            <param index="0">
              <value>
                <![CDATA[ch]]>
              </value>
            </param>
            <param index="1">
              <value>
                <![CDATA[public void com.microfocus.test.LoginUITest.validateTitleTest()]]>
              </value>
            </param>
          </params>
          <reporter-output>
          </reporter-output>
        </test-method> <!-- setup -->
        <test-method signature="validateTitleTest()[pri:1, instance:com.microfocus.test.LoginUITest@10e92f8f]" started-at="2023-04-13T12:56:42 IST" name="validateTitleTest" finished-at="2023-04-13T12:56:44 IST" duration-ms="1824" status="PASS">
          <reporter-output>
          </reporter-output>
        </test-method> <!-- validateTitleTest -->
        <test-method is-config="true" signature="teardown()[pri:0, instance:com.microfocus.test.LoginUITest@10e92f8f]" started-at="2023-04-13T12:56:44 IST" name="teardown" finished-at="2023-04-13T12:56:58 IST" duration-ms="13870" status="PASS">
          <reporter-output>
          </reporter-output>
        </test-method> <!-- teardown -->
        <test-method is-config="true" signature="setup(java.lang.String,java.lang.reflect.Method)[pri:0, instance:com.microfocus.test.LoginUITest@10e92f8f]" started-at="2023-04-13T12:56:58 IST" name="setup" finished-at="2023-04-13T12:57:05 IST" duration-ms="7692" status="PASS">
          <params>
            <param index="0">
              <value>
                <![CDATA[ch]]>
              </value>
            </param>
            <param index="1">
              <value>
                <![CDATA[public void com.microfocus.test.LoginUITest.validatePlaceholderTest()]]>
              </value>
            </param>
          </params>
          <reporter-output>
          </reporter-output>
        </test-method> <!-- setup -->
        <test-method signature="validatePlaceholderTest()[pri:2, instance:com.microfocus.test.LoginUITest@10e92f8f]" started-at="2023-04-13T12:57:05 IST" name="validatePlaceholderTest" finished-at="2023-04-13T12:57:07 IST" duration-ms="1184" status="PASS">
          <reporter-output>
          </reporter-output>
        </test-method> <!-- validatePlaceholderTest -->
        <test-method is-config="true" signature="teardown()[pri:0, instance:com.microfocus.test.LoginUITest@10e92f8f]" started-at="2023-04-13T12:57:07 IST" name="teardown" finished-at="2023-04-13T12:57:08 IST" duration-ms="939" status="PASS">
          <reporter-output>
          </reporter-output>
        </test-method> <!-- teardown -->
        <test-method is-config="true" signature="end()[pri:0, instance:com.microfocus.test.LoginUITest@10e92f8f]" started-at="2023-04-13T12:57:08 IST" name="end" finished-at="2023-04-13T12:57:09 IST" duration-ms="1169" status="PASS">
          <reporter-output>
          </reporter-output>
        </test-method> <!-- end -->
      </class> <!-- com.microfocus.test.LoginUITest -->
    </test> <!-- HybridFramework -->
  </suite> <!-- Default Suite -->
</testng-results>
