<?xml version="1.0" encoding="UTF-8"?>
<!-- Generated by org.testng.reporters.JUnitXMLReporter -->
<testsuite ignored="0" hostname="DESKTOP-R6BD6UD" failures="0" tests="2" name="Login UI Test - Edge" time="21.081" errors="0" timestamp="2023-04-13T12:44:55 IST">
  <testcase classname="com.microfocus.test.LoginUITest" name="validateTitleTest" time="0.011"/>
  <testcase classname="com.microfocus.test.LoginUITest" name="validatePlaceholderTest" time="0.637"/>
</testsuite> <!-- Login UI Test - Edge -->
